2022-05-11 16:22:31,621 [DEBUG] CloudFormation client initialized with endpoint https://cloudformation.us-east-1.amazonaws.com
2022-05-11 16:22:31,622 [DEBUG] SQS client initialized with endpoint https://sqs.us-east-1.amazonaws.com
2022-05-11 16:22:31,622 [DEBUG] CloudFormation client initialized with endpoint https://cloudformation.us-east-1.amazonaws.com
2022-05-11 16:22:31,622 [DEBUG] Enabled single threading mode.
2022-05-11 16:22:31,622 [DEBUG] Creating /var/lib/cfn-hup/data
2022-05-11 16:22:31,653 [INFO] No umask value specified in config file. Using the default one: 0o22
2022-05-11 16:22:32,566 [INFO] Refreshing listener credentials
2022-05-11 16:22:32,707 [INFO] Scheduling next credential refresh in 1799.0 seconds
2022-05-11 16:23:08,093 [INFO] Received command ElasticBeanstalkCommand-AWSEBAutoScalingGroup (invocation id: 36b483f0-6bd6-4ba2-8803-49d4613cdd6e)
2022-05-11 16:23:08,093 [INFO] Running action for aws-eb-command-handler
2022-05-11 16:23:11,972 [INFO] Action for aws-eb-command-handler succeeded, returning SUCCESS
2022-05-11 16:27:32,662 [INFO] command processing is alive.
2022-05-11 16:32:07,223 [INFO] Received command ElasticBeanstalkCommand-AWSEBAutoScalingGroup (invocation id: ae1d334d-c8c0-431f-9425-4add263f17da)
2022-05-11 16:32:07,223 [INFO] Running action for aws-eb-command-handler
2022-05-11 16:32:11,826 [INFO] Action for aws-eb-command-handler succeeded, returning SUCCESS
2022-05-11 16:32:52,013 [INFO] command processing is alive.
2022-05-11 16:37:52,496 [INFO] command processing is alive.
2022-05-11 16:42:53,047 [INFO] command processing is alive.
2022-05-11 16:47:53,550 [INFO] command processing is alive.
2022-05-11 16:52:12,195 [INFO] Received command ElasticBeanstalkCommand-AWSEBAutoScalingGroup (invocation id: fbe976c3-eea8-419f-967a-01c12abfffe3)
2022-05-11 16:52:12,195 [INFO] Running action for aws-eb-command-handler
