2022-05-11 16:21:55,036 P3175 [INFO] ************************************************************
2022-05-11 16:21:55,036 P3175 [INFO] ConfigSet _OnInstanceBoot
2022-05-11 16:21:55,038 P3175 [INFO] ++++++++++++++++++++++++++++++++++++++++++++++++++++++++++++
2022-05-11 16:21:55,038 P3175 [INFO] Config AWSEBBaseConfig
2022-05-11 16:22:26,654 P3175 [INFO] ============================================================
2022-05-11 16:22:26,654 P3175 [INFO] Command clearbackupfiles
2022-05-11 16:22:26,662 P3175 [INFO] Completed successfully.
2022-05-11 16:22:26,666 P3175 [INFO] ++++++++++++++++++++++++++++++++++++++++++++++++++++++++++++
2022-05-11 16:22:26,666 P3175 [INFO] Config AWSEBCfnHupEndpointOverride
2022-05-11 16:22:26,667 P3175 [INFO] ============================================================
2022-05-11 16:22:26,667 P3175 [INFO] Command clearbackupfiles
2022-05-11 16:22:26,670 P3175 [INFO] Completed successfully.
2022-05-11 16:23:09,518 P3347 [INFO] ************************************************************
2022-05-11 16:23:09,518 P3347 [INFO] ConfigSet Infra-EmbeddedPreBuild
2022-05-11 16:23:09,521 P3347 [INFO] ++++++++++++++++++++++++++++++++++++++++++++++++++++++++++++
2022-05-11 16:23:09,521 P3347 [INFO] Config prebuild_0_Brewery_POC
2022-05-11 16:23:09,525 P3347 [INFO] ++++++++++++++++++++++++++++++++++++++++++++++++++++++++++++
2022-05-11 16:23:09,525 P3347 [INFO] Config prebuild_1_Brewery_POC
2022-05-11 16:23:11,293 P3437 [INFO] ************************************************************
2022-05-11 16:23:11,293 P3437 [INFO] ConfigSet Infra-EmbeddedPostBuild
2022-05-11 16:32:08,739 P3675 [INFO] ************************************************************
2022-05-11 16:32:08,739 P3675 [INFO] ConfigSet Infra-EmbeddedPreBuild
2022-05-11 16:32:10,675 P3826 [INFO] ************************************************************
2022-05-11 16:32:10,675 P3826 [INFO] ConfigSet Infra-EmbeddedPostBuild
