[2022-05-11T16:21:54Z] Started EB User Data
+ SLEEP_TIME=10
+ SLEEP_TIME_MAX=3600
+ true
+ curl https://elasticbeanstalk-platform-assets-us-east-1.s3.amazonaws.com/stalks/eb_python38_amazon_linux_2_1.0.2029.0_20220422190827/lib/UserDataScript.sh
  % Total    % Received % Xferd  Average Speed   Time    Time     Time  Current
                                 Dload  Upload   Total   Spent    Left  Speed
  0     0    0     0    0     0      0      0 --:--:-- --:--:-- --:--:--     0100  4627  100  4627    0     0  91260      0 --:--:-- --:--:-- --:--:-- 92540
+ RESULT=0
+ [[ 0 -ne 0 ]]
+ SLEEP_TIME=2
+ /bin/bash /tmp/ebbootstrap.sh 'https://cloudformation-waitcondition-us-east-1.s3.amazonaws.com/arn%3Aaws%3Acloudformation%3Aus-east-1%3A871867462990%3Astack/awseb-e-j3mt7vxxnj-stack/44c94600-d146-11ec-ad97-0a680dcc290d/AWSEBInstanceLaunchWaitHandle?X-Amz-Algorithm=AWS4-HMAC-SHA256&X-Amz-Date=20220511T162035Z&X-Amz-SignedHeaders=host&X-Amz-Expires=86399&X-Amz-Credential=AKIA6L7Q4OWT2GZYHG7N%2F20220511%2Fus-east-1%2Fs3%2Faws4_request&X-Amz-Signature=bda9719668329215afa70bb65dbcfb6a91186431033c0630e14669353a59ae54' arn:aws:cloudformation:us-east-1:871867462990:stack/awseb-e-j3mt7vxxnj-stack/44c94600-d146-11ec-ad97-0a680dcc290d fb2e64ea-a79b-4736-a154-caf0cd9a4c57 https://elasticbeanstalk-health.us-east-1.amazonaws.com '' https://elasticbeanstalk-platform-assets-us-east-1.s3.amazonaws.com/stalks/eb_python38_amazon_linux_2_1.0.2029.0_20220422190827 us-east-1
[2022-05-11T16:21:54.344Z] Started EB Bootstrapping Script.
[2022-05-11T16:21:54.357Z] Received parameters:
 TARBALLS = 
 EB_GEMS = 
 SIGNAL_URL = https://cloudformation-waitcondition-us-east-1.s3.amazonaws.com/arn%3Aaws%3Acloudformation%3Aus-east-1%3A871867462990%3Astack/awseb-e-j3mt7vxxnj-stack/44c94600-d146-11ec-ad97-0a680dcc290d/AWSEBInstanceLaunchWaitHandle?X-Amz-Algorithm=AWS4-HMAC-SHA256&X-Amz-Date=20220511T162035Z&X-Amz-SignedHeaders=host&X-Amz-Expires=86399&X-Amz-Credential=AKIA6L7Q4OWT2GZYHG7N%2F20220511%2Fus-east-1%2Fs3%2Faws4_request&X-Amz-Signature=bda9719668329215afa70bb65dbcfb6a91186431033c0630e14669353a59ae54
 STACK_ID = arn:aws:cloudformation:us-east-1:871867462990:stack/awseb-e-j3mt7vxxnj-stack/44c94600-d146-11ec-ad97-0a680dcc290d
 REGION = us-east-1
 GUID = 
 HEALTHD_GROUP_ID = fb2e64ea-a79b-4736-a154-caf0cd9a4c57
 HEALTHD_ENDPOINT = https://elasticbeanstalk-health.us-east-1.amazonaws.com
 PROXY_SERVER = 
 HEALTHD_PROXY_LOG_LOCATION = 
 PLATFORM_ASSETS_URL = https://elasticbeanstalk-platform-assets-us-east-1.s3.amazonaws.com/stalks/eb_python38_amazon_linux_2_1.0.2029.0_20220422190827
[2022-05-11T16:21:54.414Z] engine url is set to https://elasticbeanstalk-platform-assets-us-east-1.s3.amazonaws.com/stalks/eb_python38_amazon_linux_2_1.0.2029.0_20220422190827/lib/platform-engine.zip
[2022-05-11T16:21:54.439Z] first init of instance.
[2022-05-11T16:21:54.451Z] Started executing cfn_init _OnInstanceBoot.
[2022-05-11T16:21:54.465Z] Running cfn-init ConfigSet: _OnInstanceBoot.
[2022-05-11T16:21:54.481Z] Using stack-id from userdata
[2022-05-11T16:22:26.694Z] Command Returned: 
[2022-05-11T16:22:26.700Z] Completed executing cfn_init.
[2022-05-11T16:22:26.707Z] finished _OnInstanceBoot
--2022-05-11 16:22:26--  https://elasticbeanstalk-platform-assets-us-east-1.s3.amazonaws.com/stalks/eb_python38_amazon_linux_2_1.0.2029.0_20220422190827/lib/platform-engine.zip
Resolving elasticbeanstalk-platform-assets-us-east-1.s3.amazonaws.com (elasticbeanstalk-platform-assets-us-east-1.s3.amazonaws.com)... 54.231.136.41
Connecting to elasticbeanstalk-platform-assets-us-east-1.s3.amazonaws.com (elasticbeanstalk-platform-assets-us-east-1.s3.amazonaws.com)|54.231.136.41|:443... connected.
HTTP request sent, awaiting response... 200 OK
Length: 26724968 (25M) [application/zip]
Saving to: ‘/tmp/platform-engine.zip’

     0K .......... .......... .......... .......... ..........  0% 60.6M 0s
    50K .......... .......... .......... .......... ..........  0% 10.1M 1s
   100K .......... .......... .......... .......... ..........  0% 73.8M 1s
   150K .......... .......... .......... .......... ..........  0% 10.9M 1s
   200K .......... .......... .......... .......... ..........  0% 82.0M 1s
   250K .......... .......... .......... .......... ..........  1% 87.1M 1s
   300K .......... .......... .......... .......... ..........  1% 80.4M 1s
   350K .......... .......... .......... .......... ..........  1% 79.3M 1s
   400K .......... .......... .......... .......... ..........  1% 90.6M 1s
   450K .......... .......... .......... .......... ..........  1% 77.6M 1s
   500K .......... .......... .......... .......... ..........  2% 83.2M 1s
   550K .......... .......... .......... .......... ..........  2% 87.9M 1s
   600K .......... .......... .......... .......... ..........  2% 81.2M 1s
   650K .......... .......... .......... .......... ..........  2% 83.8M 1s
   700K .......... .......... .......... .......... ..........  2% 10.6M 1s
   750K .......... .......... .......... .......... ..........  3% 90.1M 1s
   800K .......... .......... .......... .......... ..........  3% 88.2M 1s
   850K .......... .......... .......... .......... ..........  3%  102M 1s
   900K .......... .......... .......... .......... ..........  3% 83.8M 1s
   950K .......... .......... .......... .......... ..........  3% 83.9M 1s
  1000K .......... .......... .......... .......... ..........  4% 90.1M 1s
  1050K .......... .......... .......... .......... ..........  4% 75.6M 1s
  1100K .......... .......... .......... .......... ..........  4%  113M 1s
  1150K .......... .......... .......... .......... ..........  4% 79.2M 1s
  1200K .......... .......... .......... .......... ..........  4% 77.5M 1s
  1250K .......... .......... .......... .......... ..........  4% 19.7M 1s
  1300K .......... .......... .......... .......... ..........  5% 74.8M 1s
  1350K .......... .......... .......... .......... ..........  5%  101M 1s
  1400K .......... .......... .......... .......... ..........  5% 79.6M 1s
  1450K .......... .......... .......... .......... ..........  5% 91.5M 1s
  1500K .......... .......... .......... .......... ..........  5% 8.62M 1s
  1550K .......... .......... .......... .......... ..........  6% 97.6M 1s
  1600K .......... .......... .......... .......... ..........  6% 79.9M 1s
  1650K .......... .......... .......... .......... ..........  6% 71.7M 1s
  1700K .......... .......... .......... .......... ..........  6% 8.68M 1s
  1750K .......... .......... .......... .......... ..........  6% 93.1M 1s
  1800K .......... .......... .......... .......... ..........  7% 90.8M 1s
  1850K .......... .......... .......... .......... ..........  7% 78.9M 1s
  1900K .......... .......... .......... .......... ..........  7% 78.9M 1s
  1950K .......... .......... .......... .......... ..........  7% 8.65M 1s
  2000K .......... .......... .......... .......... ..........  7% 91.3M 1s
  2050K .......... .......... .......... .......... ..........  8% 82.6M 1s
  2100K .......... .......... .......... .......... ..........  8% 72.5M 1s
  2150K .......... .......... .......... .......... ..........  8% 97.9M 1s
  2200K .......... .......... .......... .......... ..........  8% 83.9M 1s
  2250K .......... .......... .......... .......... ..........  8% 86.5M 1s
  2300K .......... .......... .......... .......... ..........  9% 73.7M 1s
  2350K .......... .......... .......... .......... ..........  9% 83.9M 1s
  2400K .......... .......... .......... .......... ..........  9% 95.8M 1s
  2450K .......... .......... .......... .......... ..........  9% 90.2M 1s
  2500K .......... .......... .......... .......... ..........  9% 80.0M 1s
  2550K .......... .......... .......... .......... ..........  9% 84.4M 1s
  2600K .......... .......... .......... .......... .......... 10% 77.8M 1s
  2650K .......... .......... .......... .......... .......... 10% 9.06M 1s
  2700K .......... .......... .......... .......... .......... 10%  102M 1s
  2750K .......... .......... .......... .......... .......... 10% 97.5M 1s
  2800K .......... .......... .......... .......... .......... 10% 73.0M 1s
  2850K .......... .......... .......... .......... .......... 11% 82.9M 1s
  2900K .......... .......... .......... .......... .......... 11% 95.6M 1s
  2950K .......... .......... .......... .......... .......... 11% 77.2M 1s
  3000K .......... .......... .......... .......... .......... 11% 73.6M 1s
  3050K .......... .......... .......... .......... .......... 11%  101M 1s
  3100K .......... .......... .......... .......... .......... 12% 89.1M 1s
  3150K .......... .......... .......... .......... .......... 12% 97.6M 1s
  3200K .......... .......... .......... .......... .......... 12% 73.1M 1s
  3250K .......... .......... .......... .......... .......... 12%  112M 0s
  3300K .......... .......... .......... .......... .......... 12%  106M 0s
  3350K .......... .......... .......... .......... .......... 13% 78.8M 0s
  3400K .......... .......... .......... .......... .......... 13% 8.80M 1s
  3450K .......... .......... .......... .......... .......... 13% 87.5M 1s
  3500K .......... .......... .......... .......... .......... 13%  101M 1s
  3550K .......... .......... .......... .......... .......... 13% 88.7M 1s
  3600K .......... .......... .......... .......... .......... 13% 67.9M 0s
  3650K .......... .......... .......... .......... .......... 14% 99.9M 0s
  3700K .......... .......... .......... .......... .......... 14% 99.2M 0s
  3750K .......... .......... .......... .......... .......... 14% 84.1M 0s
  3800K .......... .......... .......... .......... .......... 14% 79.8M 0s
  3850K .......... .......... .......... .......... .......... 14% 87.6M 0s
  3900K .......... .......... .......... .......... .......... 15% 99.1M 0s
  3950K .......... .......... .......... .......... .......... 15% 64.9M 0s
  4000K .......... .......... .......... .......... .......... 15% 78.6M 0s
  4050K .......... .......... .......... .......... .......... 15% 9.08M 0s
  4100K .......... .......... .......... .......... .......... 15%  114M 0s
  4150K .......... .......... .......... .......... .......... 16% 99.9M 0s
  4200K .......... .......... .......... .......... .......... 16% 91.0M 0s
  4250K .......... .......... .......... .......... .......... 16% 70.1M 0s
  4300K .......... .......... .......... .......... .......... 16% 82.5M 0s
  4350K .......... .......... .......... .......... .......... 16%  101M 0s
  4400K .......... .......... .......... .......... .......... 17% 87.7M 0s
  4450K .......... .......... .......... .......... .......... 17% 82.0M 0s
  4500K .......... .......... .......... .......... .......... 17%  113M 0s
  4550K .......... .......... .......... .......... .......... 17% 89.7M 0s
  4600K .......... .......... .......... .......... .......... 17% 70.2M 0s
  4650K .......... .......... .......... .......... .......... 18% 78.4M 0s
  4700K .......... .......... .......... .......... .......... 18%  102M 0s
  4750K .......... .......... .......... .......... .......... 18% 8.42M 0s
  4800K .......... .......... .......... .......... .......... 18% 99.9M 0s
  4850K .......... .......... .......... .......... .......... 18% 94.1M 0s
  4900K .......... .......... .......... .......... .......... 18% 86.5M 0s
  4950K .......... .......... .......... .......... .......... 19% 93.0M 0s
  5000K .......... .......... .......... .......... .......... 19% 79.2M 0s
  5050K .......... .......... .......... .......... .......... 19% 87.7M 0s
  5100K .......... .......... .......... .......... .......... 19%  102M 0s
  5150K .......... .......... .......... .......... .......... 19% 82.2M 0s
  5200K .......... .......... .......... .......... .......... 20% 76.6M 0s
  5250K .......... .......... .......... .......... .......... 20% 96.4M 0s
  5300K .......... .......... .......... .......... .......... 20% 79.4M 0s
  5350K .......... .......... .......... .......... .......... 20%  116M 0s
  5400K .......... .......... .......... .......... .......... 20% 98.2M 0s
  5450K .......... .......... .......... .......... .......... 21% 73.1M 0s
  5500K .......... .......... .......... .......... .......... 21% 58.4M 0s
  5550K .......... .......... .......... .......... .......... 21% 8.99M 0s
  5600K .......... .......... .......... .......... .......... 21% 96.7M 0s
  5650K .......... .......... .......... .......... .......... 21% 67.2M 0s
  5700K .......... .......... .......... .......... .......... 22% 88.3M 0s
  5750K .......... .......... .......... .......... .......... 22%  105M 0s
  5800K .......... .......... .......... .......... .......... 22%  114M 0s
  5850K .......... .......... .......... .......... .......... 22% 70.8M 0s
  5900K .......... .......... .......... .......... .......... 22% 85.4M 0s
  5950K .......... .......... .......... .......... .......... 22% 96.2M 0s
  6000K .......... .......... .......... .......... .......... 23% 79.3M 0s
  6050K .......... .......... .......... .......... .......... 23% 77.7M 0s
  6100K .......... .......... .......... .......... .......... 23% 80.5M 0s
  6150K .......... .......... .......... .......... .......... 23% 77.0M 0s
  6200K .......... .......... .......... .......... .......... 23% 93.7M 0s
  6250K .......... .......... .......... .......... .......... 24% 6.61M 0s
  6300K .......... .......... .......... .......... .......... 24% 88.2M 0s
  6350K .......... .......... .......... .......... .......... 24% 73.2M 0s
  6400K .......... .......... .......... .......... .......... 24% 97.0M 0s
  6450K .......... .......... .......... .......... .......... 24% 78.9M 0s
  6500K .......... .......... .......... .......... .......... 25% 82.8M 0s
  6550K .......... .......... .......... .......... .......... 25% 85.5M 0s
  6600K .......... .......... .......... .......... .......... 25% 81.7M 0s
  6650K .......... .......... .......... .......... .......... 25% 96.5M 0s
  6700K .......... .......... .......... .......... .......... 25% 99.6M 0s
  6750K .......... .......... .......... .......... .......... 26% 94.8M 0s
  6800K .......... .......... .......... .......... .......... 26% 79.4M 0s
  6850K .......... .......... .......... .......... .......... 26% 77.9M 0s
  6900K .......... .......... .......... .......... .......... 26%  101M 0s
  6950K .......... .......... .......... .......... .......... 26% 87.0M 0s
  7000K .......... .......... .......... .......... .......... 27% 74.7M 0s
  7050K .......... .......... .......... .......... .......... 27% 98.7M 0s
  7100K .......... .......... .......... .......... .......... 27% 99.4M 0s
  7150K .......... .......... .......... .......... .......... 27% 74.8M 0s
  7200K .......... .......... .......... .......... .......... 27% 80.8M 0s
  7250K .......... .......... .......... .......... .......... 27% 7.80M 0s
  7300K .......... .......... .......... .......... .......... 28%  101M 0s
  7350K .......... .......... .......... .......... .......... 28% 72.1M 0s
  7400K .......... .......... .......... .......... .......... 28% 72.1M 0s
  7450K .......... .......... .......... .......... .......... 28%  104M 0s
  7500K .......... .......... .......... .......... .......... 28%  104M 0s
  7550K .......... .......... .......... .......... .......... 29% 66.8M 0s
  7600K .......... .......... .......... .......... .......... 29% 81.6M 0s
  7650K .......... .......... .......... .......... .......... 29%  102M 0s
  7700K .......... .......... .......... .......... .......... 29% 77.8M 0s
  7750K .......... .......... .......... .......... .......... 29% 81.9M 0s
  7800K .......... .......... .......... .......... .......... 30% 91.1M 0s
  7850K .......... .......... .......... .......... .......... 30% 74.6M 0s
  7900K .......... .......... .......... .......... .......... 30% 92.2M 0s
  7950K .......... .......... .......... .......... .......... 30% 90.3M 0s
  8000K .......... .......... .......... .......... .......... 30% 8.41M 0s
  8050K .......... .......... .......... .......... .......... 31% 95.8M 0s
  8100K .......... .......... .......... .......... .......... 31% 72.9M 0s
  8150K .......... .......... .......... .......... .......... 31% 76.3M 0s
  8200K .......... .......... .......... .......... .......... 31% 97.3M 0s
  8250K .......... .......... .......... .......... .......... 31% 98.8M 0s
  8300K .......... .......... .......... .......... .......... 31% 76.3M 0s
  8350K .......... .......... .......... .......... .......... 32% 90.0M 0s
  8400K .......... .......... .......... .......... .......... 32% 74.1M 0s
  8450K .......... .......... .......... .......... .......... 32% 79.3M 0s
  8500K .......... .......... .......... .......... .......... 32% 86.7M 0s
  8550K .......... .......... .......... .......... .......... 32% 85.0M 0s
  8600K .......... .......... .......... .......... .......... 33% 90.0M 0s
  8650K .......... .......... .......... .......... .......... 33% 69.0M 0s
  8700K .......... .......... .......... .......... .......... 33% 7.79M 0s
  8750K .......... .......... .......... .......... .......... 33%  101M 0s
  8800K .......... .......... .......... .......... .......... 33% 67.5M 0s
  8850K .......... .......... .......... .......... .......... 34% 92.9M 0s
  8900K .......... .......... .......... .......... .......... 34% 74.9M 0s
  8950K .......... .......... .......... .......... .......... 34% 79.3M 0s
  9000K .......... .......... .......... .......... .......... 34% 68.2M 0s
  9050K .......... .......... .......... .......... .......... 34% 83.0M 0s
  9100K .......... .......... .......... .......... .......... 35% 98.4M 0s
  9150K .......... .......... .......... .......... .......... 35% 80.5M 0s
  9200K .......... .......... .......... .......... .......... 35% 85.0M 0s
  9250K .......... .......... .......... .......... .......... 35% 79.5M 0s
  9300K .......... .......... .......... .......... .......... 35% 81.7M 0s
  9350K .......... .......... .......... .......... .......... 36% 82.4M 0s
  9400K .......... .......... .......... .......... .......... 36% 78.3M 0s
  9450K .......... .......... .......... .......... .......... 36% 8.47M 0s
  9500K .......... .......... .......... .......... .......... 36%  102M 0s
  9550K .......... .......... .......... .......... .......... 36% 67.7M 0s
  9600K .......... .......... .......... .......... .......... 36% 88.5M 0s
  9650K .......... .......... .......... .......... .......... 37%  102M 0s
  9700K .......... .......... .......... .......... .......... 37% 65.0M 0s
  9750K .......... .......... .......... .......... .......... 37% 96.9M 0s
  9800K .......... .......... .......... .......... .......... 37% 83.7M 0s
  9850K .......... .......... .......... .......... .......... 37% 95.3M 0s
  9900K .......... .......... .......... .......... .......... 38% 72.7M 0s
  9950K .......... .......... .......... .......... .......... 38% 82.6M 0s
 10000K .......... .......... .......... .......... .......... 38% 85.2M 0s
 10050K .......... .......... .......... .......... .......... 38% 92.7M 0s
 10100K .......... .......... .......... .......... .......... 38% 89.6M 0s
 10150K .......... .......... .......... .......... .......... 39% 8.10M 0s
 10200K .......... .......... .......... .......... .......... 39% 92.8M 0s
 10250K .......... .......... .......... .......... .......... 39% 86.4M 0s
 10300K .......... .......... .......... .......... .......... 39% 88.1M 0s
 10350K .......... .......... .......... .......... .......... 39%  101M 0s
 10400K .......... .......... .......... .......... .......... 40% 74.3M 0s
 10450K .......... .......... .......... .......... .......... 40% 75.3M 0s
 10500K .......... .......... .......... .......... .......... 40% 94.7M 0s
 10550K .......... .......... .......... .......... .......... 40% 70.9M 0s
 10600K .......... .......... .......... .......... .......... 40% 87.0M 0s
 10650K .......... .......... .......... .......... .......... 40%  103M 0s
 10700K .......... .......... .......... .......... .......... 41% 72.9M 0s
 10750K .......... .......... .......... .......... .......... 41% 71.0M 0s
 10800K .......... .......... .......... .......... .......... 41% 88.5M 0s
 10850K .......... .......... .......... .......... .......... 41%  110M 0s
 10900K .......... .......... .......... .......... .......... 41% 8.42M 0s
 10950K .......... .......... .......... .......... .......... 42% 92.3M 0s
 11000K .......... .......... .......... .......... .......... 42% 99.0M 0s
 11050K .......... .......... .......... .......... .......... 42% 67.1M 0s
 11100K .......... .......... .......... .......... .......... 42% 86.6M 0s
 11150K .......... .......... .......... .......... .......... 42%  101M 0s
 11200K .......... .......... .......... .......... .......... 43% 74.3M 0s
 11250K .......... .......... .......... .......... .......... 43% 79.6M 0s
 11300K .......... .......... .......... .......... .......... 43%  112M 0s
 11350K .......... .......... .......... .......... .......... 43% 75.8M 0s
 11400K .......... .......... .......... .......... .......... 43% 76.0M 0s
 11450K .......... .......... .......... .......... .......... 44% 82.2M 0s
 11500K .......... .......... .......... .......... .......... 44% 88.4M 0s
 11550K .......... .......... .......... .......... .......... 44% 87.1M 0s
 11600K .......... .......... .......... .......... .......... 44% 72.0M 0s
 11650K .......... .......... .......... .......... .......... 44% 8.92M 0s
 11700K .......... .......... .......... .......... .......... 45% 85.8M 0s
 11750K .......... .......... .......... .......... .......... 45% 91.6M 0s
 11800K .......... .......... .......... .......... .......... 45% 77.5M 0s
 11850K .......... .......... .......... .......... .......... 45% 85.6M 0s
 11900K .......... .......... .......... .......... .......... 45% 8.86M 0s
 11950K .......... .......... .......... .......... .......... 45% 75.6M 0s
 12000K .......... .......... .......... .......... .......... 46% 78.4M 0s
 12050K .......... .......... .......... .......... .......... 46% 80.6M 0s
 12100K .......... .......... .......... .......... .......... 46% 7.63M 0s
 12150K .......... .......... .......... .......... .......... 46% 88.4M 0s
 12200K .......... .......... .......... .......... .......... 46% 76.1M 0s
 12250K .......... .......... .......... .......... .......... 47% 90.3M 0s
 12300K .......... .......... .......... .......... .......... 47% 86.3M 0s
 12350K .......... .......... .......... .......... .......... 47% 81.5M 0s
 12400K .......... .......... .......... .......... .......... 47%  100M 0s
 12450K .......... .......... .......... .......... .......... 47% 80.0M 0s
 12500K .......... .......... .......... .......... .......... 48% 71.0M 0s
 12550K .......... .......... .......... .......... .......... 48% 96.6M 0s
 12600K .......... .......... .......... .......... .......... 48%  108M 0s
 12650K .......... .......... .......... .......... .......... 48% 74.9M 0s
 12700K .......... .......... .......... .......... .......... 48% 79.2M 0s
 12750K .......... .......... .......... .......... .......... 49% 92.7M 0s
 12800K .......... .......... .......... .......... .......... 49% 66.6M 0s
 12850K .......... .......... .......... .......... .......... 49%  101M 0s
 12900K .......... .......... .......... .......... .......... 49% 6.75M 0s
 12950K .......... .......... .......... .......... .......... 49%  100M 0s
 13000K .......... .......... .......... .......... .......... 50% 87.7M 0s
 13050K .......... .......... .......... .......... .......... 50% 77.3M 0s
 13100K .......... .......... .......... .......... .......... 50%  105M 0s
 13150K .......... .......... .......... .......... .......... 50% 78.5M 0s
 13200K .......... .......... .......... .......... .......... 50% 73.9M 0s
 13250K .......... .......... .......... .......... .......... 50% 85.8M 0s
 13300K .......... .......... .......... .......... .......... 51% 99.3M 0s
 13350K .......... .......... .......... .......... .......... 51% 77.2M 0s
 13400K .......... .......... .......... .......... .......... 51% 86.8M 0s
 13450K .......... .......... .......... .......... .......... 51%  114M 0s
 13500K .......... .......... .......... .......... .......... 51% 82.0M 0s
 13550K .......... .......... .......... .......... .......... 52% 87.7M 0s
 13600K .......... .......... .......... .......... .......... 52% 75.1M 0s
 13650K .......... .......... .......... .......... .......... 52% 91.9M 0s
 13700K .......... .......... .......... .......... .......... 52% 71.4M 0s
 13750K .......... .......... .......... .......... .......... 52% 87.6M 0s
 13800K .......... .......... .......... .......... .......... 53% 75.0M 0s
 13850K .......... .......... .......... .......... .......... 53% 6.97M 0s
 13900K .......... .......... .......... .......... .......... 53% 99.7M 0s
 13950K .......... .......... .......... .......... .......... 53% 86.6M 0s
 14000K .......... .......... .......... .......... .......... 53% 71.7M 0s
 14050K .......... .......... .......... .......... .......... 54% 77.3M 0s
 14100K .......... .......... .......... .......... .......... 54% 95.1M 0s
 14150K .......... .......... .......... .......... .......... 54% 75.3M 0s
 14200K .......... .......... .......... .......... .......... 54% 95.3M 0s
 14250K .......... .......... .......... .......... .......... 54% 74.0M 0s
 14300K .......... .......... .......... .......... .......... 54%  118M 0s
 14350K .......... .......... .......... .......... .......... 55%  102M 0s
 14400K .......... .......... .......... .......... .......... 55% 69.7M 0s
 14450K .......... .......... .......... .......... .......... 55% 82.1M 0s
 14500K .......... .......... .......... .......... .......... 55% 93.9M 0s
 14550K .......... .......... .......... .......... .......... 55% 99.3M 0s
 14600K .......... .......... .......... .......... .......... 56% 77.5M 0s
 14650K .......... .......... .......... .......... .......... 56% 74.6M 0s
 14700K .......... .......... .......... .......... .......... 56%  116M 0s
 14750K .......... .......... .......... .......... .......... 56% 89.9M 0s
 14800K .......... .......... .......... .......... .......... 56% 7.01M 0s
 14850K .......... .......... .......... .......... .......... 57% 90.9M 0s
 14900K .......... .......... .......... .......... .......... 57% 78.3M 0s
 14950K .......... .......... .......... .......... .......... 57% 72.4M 0s
 15000K .......... .......... .......... .......... .......... 57% 98.5M 0s
 15050K .......... .......... .......... .......... .......... 57% 99.9M 0s
 15100K .......... .......... .......... .......... .......... 58% 67.6M 0s
 15150K .......... .......... .......... .......... .......... 58%  104M 0s
 15200K .......... .......... .......... .......... .......... 58%  102M 0s
 15250K .......... .......... .......... .......... .......... 58% 81.0M 0s
 15300K .......... .......... .......... .......... .......... 58% 72.2M 0s
 15350K .......... .......... .......... .......... .......... 59% 73.4M 0s
 15400K .......... .......... .......... .......... .......... 59%  101M 0s
 15450K .......... .......... .......... .......... .......... 59% 87.5M 0s
 15500K .......... .......... .......... .......... .......... 59% 72.1M 0s
 15550K .......... .......... .......... .......... .......... 59%  103M 0s
 15600K .......... .......... .......... .......... .......... 59% 97.5M 0s
 15650K .......... .......... .......... .......... .......... 60% 68.0M 0s
 15700K .......... .......... .......... .......... .......... 60% 6.10M 0s
 15750K .......... .......... .......... .......... .......... 60% 97.9M 0s
 15800K .......... .......... .......... .......... .......... 60% 68.3M 0s
 15850K .......... .......... .......... .......... .......... 60% 80.0M 0s
 15900K .......... .......... .......... .......... .......... 61% 98.2M 0s
 15950K .......... .......... .......... .......... .......... 61% 74.3M 0s
 16000K .......... .......... .......... .......... .......... 61% 91.1M 0s
 16050K .......... .......... .......... .......... .......... 61% 93.5M 0s
 16100K .......... .......... .......... .......... .......... 61% 78.4M 0s
 16150K .......... .......... .......... .......... .......... 62% 73.1M 0s
 16200K .......... .......... .......... .......... .......... 62% 96.4M 0s
 16250K .......... .......... .......... .......... .......... 62% 81.4M 0s
 16300K .......... .......... .......... .......... .......... 62% 83.7M 0s
 16350K .......... .......... .......... .......... .......... 62% 72.5M 0s
 16400K .......... .......... .......... .......... .......... 63% 92.2M 0s
 16450K .......... .......... .......... .......... .......... 63% 85.1M 0s
 16500K .......... .......... .......... .......... .......... 63% 81.6M 0s
 16550K .......... .......... .......... .......... .......... 63% 86.4M 0s
 16600K .......... .......... .......... .......... .......... 63% 80.3M 0s
 16650K .......... .......... .......... .......... .......... 63% 85.2M 0s
 16700K .......... .......... .......... .......... .......... 64% 6.15M 0s
 16750K .......... .......... .......... .......... .......... 64% 98.7M 0s
 16800K .......... .......... .......... .......... .......... 64% 79.2M 0s
 16850K .......... .......... .......... .......... .......... 64% 88.8M 0s
 16900K .......... .......... .......... .......... .......... 64% 86.8M 0s
 16950K .......... .......... .......... .......... .......... 65% 70.4M 0s
 17000K .......... .......... .......... .......... .......... 65% 95.4M 0s
 17050K .......... .......... .......... .......... .......... 65% 84.0M 0s
 17100K .......... .......... .......... .......... .......... 65% 75.8M 0s
 17150K .......... .......... .......... .......... .......... 65% 94.9M 0s
 17200K .......... .......... .......... .......... .......... 66% 83.1M 0s
 17250K .......... .......... .......... .......... .......... 66% 96.9M 0s
 17300K .......... .......... .......... .......... .......... 66% 84.0M 0s
 17350K .......... .......... .......... .......... .......... 66% 82.0M 0s
 17400K .......... .......... .......... .......... .......... 66% 79.8M 0s
 17450K .......... .......... .......... .......... .......... 67% 79.6M 0s
 17500K .......... .......... .......... .......... .......... 67% 87.1M 0s
 17550K .......... .......... .......... .......... .......... 67% 75.2M 0s
 17600K .......... .......... .......... .......... .......... 67% 85.0M 0s
 17650K .......... .......... .......... .......... .......... 67% 94.3M 0s
 17700K .......... .......... .......... .......... .......... 68% 8.65M 0s
 17750K .......... .......... .......... .......... .......... 68% 82.9M 0s
 17800K .......... .......... .......... .......... .......... 68% 79.0M 0s
 17850K .......... .......... .......... .......... .......... 68% 83.8M 0s
 17900K .......... .......... .......... .......... .......... 68% 82.6M 0s
 17950K .......... .......... .......... .......... .......... 68% 8.29M 0s
 18000K .......... .......... .......... .......... .......... 69% 87.1M 0s
 18050K .......... .......... .......... .......... .......... 69% 82.9M 0s
 18100K .......... .......... .......... .......... .......... 69% 84.9M 0s
 18150K .......... .......... .......... .......... .......... 69% 84.0M 0s
 18200K .......... .......... .......... .......... .......... 69% 6.15M 0s
 18250K .......... .......... .......... .......... .......... 70% 93.3M 0s
 18300K .......... .......... .......... .......... .......... 70% 98.6M 0s
 18350K .......... .......... .......... .......... .......... 70% 96.2M 0s
 18400K .......... .......... .......... .......... .......... 70% 76.2M 0s
 18450K .......... .......... .......... .......... .......... 70% 78.5M 0s
 18500K .......... .......... .......... .......... .......... 71% 69.4M 0s
 18550K .......... .......... .......... .......... .......... 71% 97.9M 0s
 18600K .......... .......... .......... .......... .......... 71%  102M 0s
 18650K .......... .......... .......... .......... .......... 71% 81.9M 0s
 18700K .......... .......... .......... .......... .......... 71% 73.5M 0s
 18750K .......... .......... .......... .......... .......... 72% 78.1M 0s
 18800K .......... .......... .......... .......... .......... 72% 74.4M 0s
 18850K .......... .......... .......... .......... .......... 72%  105M 0s
 18900K .......... .......... .......... .......... .......... 72% 95.3M 0s
 18950K .......... .......... .......... .......... .......... 72% 92.8M 0s
 19000K .......... .......... .......... .......... .......... 72% 76.9M 0s
 19050K .......... .......... .......... .......... .......... 73% 94.6M 0s
 19100K .......... .......... .......... .......... .......... 73% 77.4M 0s
 19150K .......... .......... .......... .......... .......... 73% 75.1M 0s
 19200K .......... .......... .......... .......... .......... 73% 6.75M 0s
 19250K .......... .......... .......... .......... .......... 73% 90.0M 0s
 19300K .......... .......... .......... .......... .......... 74% 72.4M 0s
 19350K .......... .......... .......... .......... .......... 74% 89.2M 0s
 19400K .......... .......... .......... .......... .......... 74%  117M 0s
 19450K .......... .......... .......... .......... .......... 74% 96.6M 0s
 19500K .......... .......... .......... .......... .......... 74% 66.0M 0s
 19550K .......... .......... .......... .......... .......... 75% 75.6M 0s
 19600K .......... .......... .......... .......... .......... 75% 98.8M 0s
 19650K .......... .......... .......... .......... .......... 75% 98.4M 0s
 19700K .......... .......... .......... .......... .......... 75% 70.5M 0s
 19750K .......... .......... .......... .......... .......... 75% 80.5M 0s
 19800K .......... .......... .......... .......... .......... 76%  114M 0s
 19850K .......... .......... .......... .......... .......... 76% 95.8M 0s
 19900K .......... .......... .......... .......... .......... 76% 73.8M 0s
 19950K .......... .......... .......... .......... .......... 76% 77.8M 0s
 20000K .......... .......... .......... .......... .......... 76% 80.7M 0s
 20050K .......... .......... .......... .......... .......... 77% 75.0M 0s
 20100K .......... .......... .......... .......... .......... 77% 86.3M 0s
 20150K .......... .......... .......... .......... .......... 77% 97.0M 0s
 20200K .......... .......... .......... .......... .......... 77% 93.2M 0s
 20250K .......... .......... .......... .......... .......... 77% 7.80M 0s
 20300K .......... .......... .......... .......... .......... 77%  103M 0s
 20350K .......... .......... .......... .......... .......... 78% 96.1M 0s
 20400K .......... .......... .......... .......... .......... 78% 79.7M 0s
 20450K .......... .......... .......... .......... .......... 78% 79.6M 0s
 20500K .......... .......... .......... .......... .......... 78% 99.1M 0s
 20550K .......... .......... .......... .......... .......... 78% 87.0M 0s
 20600K .......... .......... .......... .......... .......... 79% 71.2M 0s
 20650K .......... .......... .......... .......... .......... 79% 93.9M 0s
 20700K .......... .......... .......... .......... .......... 79%  100M 0s
 20750K .......... .......... .......... .......... .......... 79% 95.6M 0s
 20800K .......... .......... .......... .......... .......... 79% 96.6M 0s
 20850K .......... .......... .......... .......... .......... 80% 76.3M 0s
 20900K .......... .......... .......... .......... .......... 80% 77.1M 0s
 20950K .......... .......... .......... .......... .......... 80% 74.6M 0s
 21000K .......... .......... .......... .......... .......... 80%  104M 0s
 21050K .......... .......... .......... .......... .......... 80% 6.47M 0s
 21100K .......... .......... .......... .......... .......... 81%  115M 0s
 21150K .......... .......... .......... .......... .......... 81% 97.0M 0s
 21200K .......... .......... .......... .......... .......... 81% 73.1M 0s
 21250K .......... .......... .......... .......... .......... 81% 70.3M 0s
 21300K .......... .......... .......... .......... .......... 81% 97.9M 0s
 21350K .......... .......... .......... .......... .......... 81% 93.7M 0s
 21400K .......... .......... .......... .......... .......... 82% 67.3M 0s
 21450K .......... .......... .......... .......... .......... 82% 93.4M 0s
 21500K .......... .......... .......... .......... .......... 82% 92.5M 0s
 21550K .......... .......... .......... .......... .......... 82% 73.3M 0s
 21600K .......... .......... .......... .......... .......... 82% 75.2M 0s
 21650K .......... .......... .......... .......... .......... 83%  101M 0s
 21700K .......... .......... .......... .......... .......... 83% 85.0M 0s
 21750K .......... .......... .......... .......... .......... 83% 83.0M 0s
 21800K .......... .......... .......... .......... .......... 83% 86.3M 0s
 21850K .......... .......... .......... .......... .......... 83% 90.8M 0s
 21900K .......... .......... .......... .......... .......... 84% 79.5M 0s
 21950K .......... .......... .......... .......... .......... 84% 94.2M 0s
 22000K .......... .......... .......... .......... .......... 84% 6.10M 0s
 22050K .......... .......... .......... .......... .......... 84% 92.7M 0s
 22100K .......... .......... .......... .......... .......... 84% 77.8M 0s
 22150K .......... .......... .......... .......... .......... 85% 87.2M 0s
 22200K .......... .......... .......... .......... .......... 85% 80.9M 0s
 22250K .......... .......... .......... .......... .......... 85% 76.9M 0s
 22300K .......... .......... .......... .......... .......... 85% 92.1M 0s
 22350K .......... .......... .......... .......... .......... 85% 86.7M 0s
 22400K .......... .......... .......... .......... .......... 86% 77.5M 0s
 22450K .......... .......... .......... .......... .......... 86% 81.5M 0s
 22500K .......... .......... .......... .......... .......... 86%  101M 0s
 22550K .......... .......... .......... .......... .......... 86% 78.9M 0s
 22600K .......... .......... .......... .......... .......... 86% 78.2M 0s
 22650K .......... .......... .......... .......... .......... 86% 89.0M 0s
 22700K .......... .......... .......... .......... .......... 87% 79.2M 0s
 22750K .......... .......... .......... .......... .......... 87% 84.3M 0s
 22800K .......... .......... .......... .......... .......... 87% 81.4M 0s
 22850K .......... .......... .......... .......... .......... 87% 86.1M 0s
 22900K .......... .......... .......... .......... .......... 87% 75.1M 0s
 22950K .......... .......... .......... .......... .......... 88% 94.8M 0s
 23000K .......... .......... .......... .......... .......... 88% 4.97M 0s
 23050K .......... .......... .......... .......... .......... 88% 91.6M 0s
 23100K .......... .......... .......... .......... .......... 88% 73.4M 0s
 23150K .......... .......... .......... .......... .......... 88% 72.6M 0s
 23200K .......... .......... .......... .......... .......... 89%  110M 0s
 23250K .......... .......... .......... .......... .......... 89% 77.5M 0s
 23300K .......... .......... .......... .......... .......... 89% 86.4M 0s
 23350K .......... .......... .......... .......... .......... 89% 69.3M 0s
 23400K .......... .......... .......... .......... .......... 89% 84.9M 0s
 23450K .......... .......... .......... .......... .......... 90% 98.9M 0s
 23500K .......... .......... .......... .......... .......... 90% 93.4M 0s
 23550K .......... .......... .......... .......... .......... 90% 67.6M 0s
 23600K .......... .......... .......... .......... .......... 90% 94.7M 0s
 23650K .......... .......... .......... .......... .......... 90% 88.2M 0s
 23700K .......... .......... .......... .......... .......... 91% 80.7M 0s
 23750K .......... .......... .......... .......... .......... 91% 93.9M 0s
 23800K .......... .......... .......... .......... .......... 91% 79.7M 0s
 23850K .......... .......... .......... .......... .......... 91% 92.3M 0s
 23900K .......... .......... .......... .......... .......... 91% 75.5M 0s
 23950K .......... .......... .......... .......... .......... 91% 78.8M 0s
 24000K .......... .......... .......... .......... .......... 92% 86.9M 0s
 24050K .......... .......... .......... .......... .......... 92% 98.1M 0s
 24100K .......... .......... .......... .......... .......... 92% 72.4M 0s
 24150K .......... .......... .......... .......... .......... 92% 86.9M 0s
 24200K .......... .......... .......... .......... .......... 92% 80.1M 0s
 24250K .......... .......... .......... .......... .......... 93% 44.1M 0s
 24300K .......... .......... .......... .......... .......... 93% 5.40M 0s
 24350K .......... .......... .......... .......... .......... 93% 95.9M 0s
 24400K .......... .......... .......... .......... .......... 93% 69.8M 0s
 24450K .......... .......... .......... .......... .......... 93% 87.7M 0s
 24500K .......... .......... .......... .......... .......... 94%  115M 0s
 24550K .......... .......... .......... .......... .......... 94% 72.7M 0s
 24600K .......... .......... .......... .......... .......... 94% 89.0M 0s
 24650K .......... .......... .......... .......... .......... 94% 82.0M 0s
 24700K .......... .......... .......... .......... .......... 94% 72.5M 0s
 24750K .......... .......... .......... .......... .......... 95% 85.7M 0s
 24800K .......... .......... .......... .......... .......... 95% 82.9M 0s
 24850K .......... .......... .......... .......... .......... 95% 74.6M 0s
 24900K .......... .......... .......... .......... .......... 95% 98.5M 0s
 24950K .......... .......... .......... .......... .......... 95% 99.6M 0s
 25000K .......... .......... .......... .......... .......... 95% 76.6M 0s
 25050K .......... .......... .......... .......... .......... 96% 79.0M 0s
 25100K .......... .......... .......... .......... .......... 96% 86.7M 0s
 25150K .......... .......... .......... .......... .......... 96% 79.8M 0s
 25200K .......... .......... .......... .......... .......... 96% 74.5M 0s
 25250K .......... .......... .......... .......... .......... 96% 84.4M 0s
 25300K .......... .......... .......... .......... .......... 97% 93.3M 0s
 25350K .......... .......... .......... .......... .......... 97% 99.8M 0s
 25400K .......... .......... .......... .......... .......... 97% 84.0M 0s
 25450K .......... .......... .......... .......... .......... 97% 85.5M 0s
 25500K .......... .......... .......... .......... .......... 97% 79.2M 0s
 25550K .......... .......... .......... .......... .......... 98% 5.05M 0s
 25600K .......... .......... .......... .......... .......... 98% 77.8M 0s
 25650K .......... .......... .......... .......... .......... 98% 98.5M 0s
 25700K .......... .......... .......... .......... .......... 98% 98.6M 0s
 25750K .......... .......... .......... .......... .......... 98%  113M 0s
 25800K .......... .......... .......... .......... .......... 99%  107M 0s
 25850K .......... .......... .......... .......... .......... 99% 93.1M 0s
 25900K .......... .......... .......... .......... .......... 99% 98.2M 0s
 25950K .......... .......... .......... .......... .......... 99%  103M 0s
 26000K .......... .......... .......... .......... .......... 99%  103M 0s
 26050K .......... .......... .......... .......... ........  100%  103M=0.5s

2022-05-11 16:22:27 (49.5 MB/s) - ‘/tmp/platform-engine.zip’ saved [26724968/26724968]

Archive:  /tmp/platform-engine.zip
  inflating: /opt/elasticbeanstalk/bin/platform-engine  
  inflating: /opt/elasticbeanstalk/bin/publishlogs  
  inflating: /opt/elasticbeanstalk/bin/pkg-repo  
  inflating: /opt/elasticbeanstalk/bin/get-config  
  inflating: /opt/elasticbeanstalk/config/private/aws-eb.target  
  inflating: /opt/elasticbeanstalk/config/private/logrotate/logrotate-cron.template  
  inflating: /opt/elasticbeanstalk/config/private/logrotate/logrotate.template  
  inflating: /opt/elasticbeanstalk/config/private/systemd.template  
  inflating: /opt/elasticbeanstalk/config/private/systemd-append.template  
  inflating: /opt/elasticbeanstalk/config/private/guidlocking/repo.py  
  inflating: /opt/elasticbeanstalk/config/private/restartcloudwatchagent.sh  
  inflating: /opt/elasticbeanstalk/config/private/healthd/healthd_httpd.conf  
  inflating: /opt/elasticbeanstalk/config/private/healthd/healthd_nginx.conf  
  inflating: /opt/elasticbeanstalk/config/private/healthd/healthd_logformat.conf  
  inflating: /opt/elasticbeanstalk/config/private/healthd/healthddependency  
  inflating: /opt/elasticbeanstalk/config/private/healthd/logcleanup-cron.template  
  inflating: /opt/elasticbeanstalk/config/private/healthd/config.yaml.template  
 extracting: /opt/elasticbeanstalk/config/private/restartcfn.sh  
  inflating: /opt/elasticbeanstalk/config/private/sqsd/default.yaml.template  
  inflating: /opt/elasticbeanstalk/config/private/sqsd/sqsdversion.json  
  inflating: /opt/elasticbeanstalk/config/private/beanstalk-magic  
  inflating: /opt/elasticbeanstalk/config/private/containercommandsupport/leader-test.sh  
  inflating: /opt/elasticbeanstalk/config/private/containercommandsupport/container-defaults.sh  
  inflating: /opt/elasticbeanstalk/config/private/ruby_common_env  
  inflating: /opt/elasticbeanstalk/config/private/nginx/applicationport.conf.template  
  inflating: /opt/elasticbeanstalk/config/private/nginx/staticfilesmapping.conf.template  
  inflating: /opt/elasticbeanstalk/config/private/nginx/nginx.conf.template  
  inflating: /opt/elasticbeanstalk/config/private/cfn-hup.conf.template  
  inflating: /opt/elasticbeanstalk/config/private/httpd/applicationport.conf.template  
  inflating: /opt/elasticbeanstalk/config/private/httpd/staticfilesmapping.conf.template  
  inflating: /opt/elasticbeanstalk/config/private/httpd/gzip.conf  
  inflating: /opt/elasticbeanstalk/config/private/httpd/httpd.conf.template  
  inflating: /opt/elasticbeanstalk/config/private/cfn-hup-wrapper  
  inflating: /opt/elasticbeanstalk/config/private/eb-banner  
  inflating: /opt/elasticbeanstalk/config/private/aws-eb-command-handler.conf  
  inflating: /opt/elasticbeanstalk/config/private/rsyslog.conf.template  
  inflating: /opt/elasticbeanstalk/config/private/logtasks/cron/publishlogs  
  inflating: /opt/elasticbeanstalk/tasks/taillogs.d/eb-app.conf  
  inflating: /opt/elasticbeanstalk/tasks/taillogs.d/eb-engine.conf  
  inflating: /opt/elasticbeanstalk/tasks/bundlelogs.d/eb-app.conf  
  inflating: /opt/elasticbeanstalk/tasks/bundlelogs.d/eb-system.conf  
 extracting: /opt/elasticbeanstalk/tasks/bundlelogs.d/cloud-init-system.conf  
 extracting: /opt/elasticbeanstalk/tasks/bundlelogs.d/eb-hooks.conf  
  inflating: /opt/elasticbeanstalk/tasks/bundlelogs.d/system.conf  
  inflating: /opt/elasticbeanstalk/tasks/bundlelogs.d/cfn-system.conf  
 extracting: /opt/elasticbeanstalk/tasks/bundlelogs.d/rotate.conf  
 extracting: /opt/elasticbeanstalk/tasks/publishlogs.d/eb-app.conf  
[2022-05-11T16:22:30.978Z] Successfully bootstrapped instance.
[2022-05-11T16:22:31.006Z] Sending signal 0 to CFN wait condition https://cloudformation-waitcondition-us-east-1.s3.amazonaws.com/arn%3Aaws%3Acloudformation%3Aus-east-1%3A871867462990%3Astack/awseb-e-j3mt7vxxnj-stack/44c94600-d146-11ec-ad97-0a680dcc290d/AWSEBInstanceLaunchWaitHandle?X-Amz-Algorithm=AWS4-HMAC-SHA256&X-Amz-Date=20220511T162035Z&X-Amz-SignedHeaders=host&X-Amz-Expires=86399&X-Amz-Credential=AKIA6L7Q4OWT2GZYHG7N%2F20220511%2Fus-east-1%2Fs3%2Faws4_request&X-Amz-Signature=bda9719668329215afa70bb65dbcfb6a91186431033c0630e14669353a59ae54
CloudFormation signaled successfully with %s.
[2022-05-11T16:22:31.829Z] Tailing /var/log/eb-commandprocessor.log

******************* eb-commandprocessor taillog *******************
***eb-commandprocessor is not available yet.***
******************* End of taillog *******************


[2022-05-11T16:22:31.845Z] Tailing /var/log/eb-activity.log

******************* eb-activity taillog *******************
***eb-activity is not available yet.***
******************* End of taillog *******************


[2022-05-11T16:22:31.853Z] Tailing /var/log/eb-tools.log

******************* eb-tools taillog *******************
***eb-tools is not available yet.***
******************* End of taillog *******************


[2022-05-11T16:22:31.869Z] Tailing /var/log/eb-version-deployment.log

******************* eb-version-deployment taillog *******************
***eb-version-deployment is not available yet.***
******************* End of taillog *******************


[2022-05-11T16:22:31.885Z] Tailing /var/log/cfn-init.log

******************* cfn-init taillog *******************
2022-05-11 16:21:55,026 [INFO] -----------------------Starting build-----------------------
2022-05-11 16:21:55,033 [INFO] Running configSets: _OnInstanceBoot
2022-05-11 16:21:55,035 [INFO] Running configSet _OnInstanceBoot
2022-05-11 16:21:55,038 [INFO] Running config AWSEBBaseConfig
2022-05-11 16:22:26,662 [INFO] Command clearbackupfiles succeeded
2022-05-11 16:22:26,666 [INFO] Running config AWSEBCfnHupEndpointOverride
2022-05-11 16:22:26,670 [INFO] Command clearbackupfiles succeeded
2022-05-11 16:22:26,671 [INFO] ConfigSets completed
2022-05-11 16:22:26,671 [INFO] -----------------------Build complete-----------------------
******************* End of taillog *******************


[2022-05-11T16:22:31.905Z] Tailing /var/log/cfn-hup.log

******************* cfn-hup taillog *******************
2022-05-11 16:22:31,621 [DEBUG] CloudFormation client initialized with endpoint https://cloudformation.us-east-1.amazonaws.com
2022-05-11 16:22:31,622 [DEBUG] SQS client initialized with endpoint https://sqs.us-east-1.amazonaws.com
2022-05-11 16:22:31,622 [DEBUG] CloudFormation client initialized with endpoint https://cloudformation.us-east-1.amazonaws.com
2022-05-11 16:22:31,622 [DEBUG] Enabled single threading mode.
2022-05-11 16:22:31,622 [DEBUG] Creating /var/lib/cfn-hup/data
2022-05-11 16:22:31,653 [INFO] No umask value specified in config file. Using the default one: 0o22
******************* End of taillog *******************


[2022-05-11T16:22:31.929Z] Completed EB Bootstrapping Script.
+ RESULT=0
+ [[ 0 -ne 0 ]]
+ exit 0
