# Logfile created on 2022-05-11 16:23:10 +0000 by logger.rb/66358
A, [2022-05-11T16:23:10.946681 #3416]   ANY -- : healthd daemon 1.0.6 initialized
W, [2022-05-11T16:23:11.051143 #3416]  WARN -- : log file "/var/log/nginx/healthd/application.log.2022-05-11-16" does not exist
W, [2022-05-11T16:23:16.051407 #3416]  WARN -- : log file "/var/log/nginx/healthd/application.log.2022-05-11-16" does not exist
F, [2022-05-11T16:32:08.791652 #3416] FATAL -- : /opt/elasticbeanstalk/lib/ruby/lib/ruby/gems/2.6.0/gems/puma-5.3.2/lib/puma/launcher.rb:476:in `block in setup_signals': SIGTERM (SignalException)
	from /opt/elasticbeanstalk/lib/ruby/lib/ruby/gems/2.6.0/gems/puma-5.3.2/lib/puma/single.rb:61:in `join'
	from /opt/elasticbeanstalk/lib/ruby/lib/ruby/gems/2.6.0/gems/puma-5.3.2/lib/puma/single.rb:61:in `run'
	from /opt/elasticbeanstalk/lib/ruby/lib/ruby/gems/2.6.0/gems/puma-5.3.2/lib/puma/launcher.rb:181:in `run'
	from /opt/elasticbeanstalk/lib/ruby/lib/ruby/gems/2.6.0/gems/puma-5.3.2/lib/puma/cli.rb:80:in `run'
	from /opt/elasticbeanstalk/lib/ruby/lib/ruby/gems/2.6.0/gems/healthd-1.0.6/bin/healthd:112:in `block in <top (required)>'
	from /opt/elasticbeanstalk/lib/ruby/lib/ruby/gems/2.6.0/gems/healthd-1.0.6/bin/healthd:19:in `chdir'
	from /opt/elasticbeanstalk/lib/ruby/lib/ruby/gems/2.6.0/gems/healthd-1.0.6/bin/healthd:19:in `<top (required)>'
	from /opt/elasticbeanstalk/lib/ruby/bin/healthd:23:in `load'
	from /opt/elasticbeanstalk/lib/ruby/bin/healthd:23:in `<main>'
A, [2022-05-11T16:32:10.032874 #3795]   ANY -- : healthd daemon 1.0.6 initialized
W, [2022-05-11T16:32:20.137218 #3795]  WARN -- : discarding statistic item after validation error (Invalid timestamp): {:id=>"0", :namespace=>"application", :timestamp=>1652286550, :data=>"{\"duration\":10,\"latency_histogram\":[[0.001,2]],\"http_counters\":{\"status_200\":2,\"request_count\":2}}"}
W, [2022-05-11T16:32:20.137294 #3795]  WARN -- : discarding statistic item after validation error (Invalid timestamp): {:id=>"1", :namespace=>"application", :timestamp=>1652286560, :data=>"{\"duration\":10,\"latency_histogram\":[[0.001,1]],\"http_counters\":{\"status_200\":1,\"request_count\":1}}"}
W, [2022-05-11T16:32:20.137323 #3795]  WARN -- : discarding statistic item after validation error (Invalid timestamp): {:id=>"2", :namespace=>"application", :timestamp=>1652286570, :data=>"{\"duration\":10,\"latency_histogram\":[[0.001,1]],\"http_counters\":{\"status_200\":1,\"request_count\":1}}"}
W, [2022-05-11T16:32:20.137346 #3795]  WARN -- : discarding statistic item after validation error (Invalid timestamp): {:id=>"3", :namespace=>"application", :timestamp=>1652286580, :data=>"{\"duration\":10,\"latency_histogram\":[[0.001,2]],\"http_counters\":{\"status_200\":2,\"request_count\":2}}"}
W, [2022-05-11T16:32:20.137368 #3795]  WARN -- : discarding statistic item after validation error (Invalid timestamp): {:id=>"4", :namespace=>"application", :timestamp=>1652286590, :data=>"{\"duration\":10,\"latency_histogram\":[[0.001,1]],\"http_counters\":{\"status_200\":1,\"request_count\":1}}"}
W, [2022-05-11T16:32:20.137389 #3795]  WARN -- : discarding statistic item after validation error (Invalid timestamp): {:id=>"5", :namespace=>"application", :timestamp=>1652286600, :data=>"{\"duration\":10,\"latency_histogram\":[[0.001,1]],\"http_counters\":{\"status_200\":1,\"request_count\":1}}"}
W, [2022-05-11T16:32:20.137411 #3795]  WARN -- : discarding statistic item after validation error (Invalid timestamp): {:id=>"6", :namespace=>"application", :timestamp=>1652286610, :data=>"{\"duration\":10,\"latency_histogram\":[[0.001,2]],\"http_counters\":{\"status_200\":2,\"request_count\":2}}"}
W, [2022-05-11T16:32:20.137432 #3795]  WARN -- : discarding statistic item after validation error (Invalid timestamp): {:id=>"7", :namespace=>"application", :timestamp=>1652286620, :data=>"{\"duration\":10,\"latency_histogram\":[[0.001,1]],\"http_counters\":{\"status_200\":1,\"request_count\":1}}"}
W, [2022-05-11T16:32:20.137453 #3795]  WARN -- : discarding statistic item after validation error (Invalid timestamp): {:id=>"8", :namespace=>"application", :timestamp=>1652286630, :data=>"{\"duration\":10,\"latency_histogram\":[[0.0,1],[0.001,2]],\"http_counters\":{\"status_200\":3,\"request_count\":3}}"}
W, [2022-05-11T16:32:20.137487 #3795]  WARN -- : discarding statistic item after validation error (Invalid timestamp): {:id=>"9", :namespace=>"application", :timestamp=>1652286640, :data=>"{\"duration\":10,\"latency_histogram\":[[0.001,2]],\"http_counters\":{\"status_200\":2,\"request_count\":2}}"}
W, [2022-05-11T16:32:20.137511 #3795]  WARN -- : discarding statistic item after validation error (Invalid timestamp): {:id=>"10", :namespace=>"application", :timestamp=>1652286650, :data=>"{\"duration\":10,\"latency_histogram\":[[0.001,1]],\"http_counters\":{\"status_200\":1,\"request_count\":1}}"}
W, [2022-05-11T16:32:30.070782 #3795]  WARN -- : discarding statistic item after validation error (Invalid timestamp): {:id=>"0", :namespace=>"application", :timestamp=>1652286370, :data=>"{\"duration\":10,\"latency_histogram\":[[0.0,1],[0.001,1]],\"http_counters\":{\"status_200\":2,\"request_count\":2}}"}
W, [2022-05-11T16:32:30.070862 #3795]  WARN -- : discarding statistic item after validation error (Invalid timestamp): {:id=>"1", :namespace=>"application", :timestamp=>1652286380, :data=>"{\"duration\":10,\"latency_histogram\":[[0.001,1]],\"http_counters\":{\"status_200\":1,\"request_count\":1}}"}
W, [2022-05-11T16:32:30.070891 #3795]  WARN -- : discarding statistic item after validation error (Invalid timestamp): {:id=>"2", :namespace=>"application", :timestamp=>1652286390, :data=>"{\"duration\":10,\"latency_histogram\":[[0.001,1]],\"http_counters\":{\"status_200\":1,\"request_count\":1}}"}
W, [2022-05-11T16:32:30.070915 #3795]  WARN -- : discarding statistic item after validation error (Invalid timestamp): {:id=>"3", :namespace=>"application", :timestamp=>1652286400, :data=>"{\"duration\":10,\"latency_histogram\":[[0.001,2]],\"http_counters\":{\"status_200\":2,\"request_count\":2}}"}
W, [2022-05-11T16:32:30.070937 #3795]  WARN -- : discarding statistic item after validation error (Invalid timestamp): {:id=>"4", :namespace=>"application", :timestamp=>1652286410, :data=>"{\"duration\":10,\"latency_histogram\":[[0.001,1]],\"http_counters\":{\"status_200\":1,\"request_count\":1}}"}
W, [2022-05-11T16:32:30.070960 #3795]  WARN -- : discarding statistic item after validation error (Invalid timestamp): {:id=>"5", :namespace=>"application", :timestamp=>1652286420, :data=>"{\"duration\":10,\"latency_histogram\":[[0.001,1]],\"http_counters\":{\"status_200\":1,\"request_count\":1}}"}
W, [2022-05-11T16:32:30.070981 #3795]  WARN -- : discarding statistic item after validation error (Invalid timestamp): {:id=>"6", :namespace=>"application", :timestamp=>1652286430, :data=>"{\"duration\":10,\"latency_histogram\":[[0.001,2]],\"http_counters\":{\"status_200\":2,\"request_count\":2}}"}
W, [2022-05-11T16:32:30.071002 #3795]  WARN -- : discarding statistic item after validation error (Invalid timestamp): {:id=>"7", :namespace=>"application", :timestamp=>1652286440, :data=>"{\"duration\":10,\"latency_histogram\":[[0.0,1]],\"http_counters\":{\"status_200\":1,\"request_count\":1}}"}
W, [2022-05-11T16:32:30.071023 #3795]  WARN -- : discarding statistic item after validation error (Invalid timestamp): {:id=>"8", :namespace=>"application", :timestamp=>1652286450, :data=>"{\"duration\":10,\"latency_histogram\":[[0.0,1]],\"http_counters\":{\"status_200\":1,\"request_count\":1}}"}
W, [2022-05-11T16:32:30.071044 #3795]  WARN -- : discarding statistic item after validation error (Invalid timestamp): {:id=>"9", :namespace=>"application", :timestamp=>1652286460, :data=>"{\"duration\":10,\"latency_histogram\":[[0.001,2]],\"http_counters\":{\"status_200\":2,\"request_count\":2}}"}
W, [2022-05-11T16:32:30.071065 #3795]  WARN -- : discarding statistic item after validation error (Invalid timestamp): {:id=>"10", :namespace=>"application", :timestamp=>1652286470, :data=>"{\"duration\":10,\"latency_histogram\":[[0.001,1]],\"http_counters\":{\"status_200\":1,\"request_count\":1}}"}
W, [2022-05-11T16:32:30.071086 #3795]  WARN -- : discarding statistic item after validation error (Invalid timestamp): {:id=>"11", :namespace=>"application", :timestamp=>1652286480, :data=>"{\"duration\":10,\"latency_histogram\":[[0.001,1]],\"http_counters\":{\"status_200\":1,\"request_count\":1}}"}
W, [2022-05-11T16:32:30.071126 #3795]  WARN -- : discarding statistic item after validation error (Invalid timestamp): {:id=>"12", :namespace=>"application", :timestamp=>1652286490, :data=>"{\"duration\":10,\"latency_histogram\":[[0.0,1],[0.001,1]],\"http_counters\":{\"status_200\":2,\"request_count\":2}}"}
W, [2022-05-11T16:32:30.071151 #3795]  WARN -- : discarding statistic item after validation error (Invalid timestamp): {:id=>"13", :namespace=>"application", :timestamp=>1652286500, :data=>"{\"duration\":10,\"latency_histogram\":[[0.001,1]],\"http_counters\":{\"status_200\":1,\"request_count\":1}}"}
W, [2022-05-11T16:32:30.071172 #3795]  WARN -- : discarding statistic item after validation error (Invalid timestamp): {:id=>"14", :namespace=>"application", :timestamp=>1652286510, :data=>"{\"duration\":10,\"latency_histogram\":[[0.001,1]],\"http_counters\":{\"status_200\":1,\"request_count\":1}}"}
W, [2022-05-11T16:32:30.071194 #3795]  WARN -- : discarding statistic item after validation error (Invalid timestamp): {:id=>"15", :namespace=>"application", :timestamp=>1652286520, :data=>"{\"duration\":10,\"latency_histogram\":[[0.0,1],[0.001,1]],\"http_counters\":{\"status_200\":2,\"request_count\":2}}"}
W, [2022-05-11T16:32:30.071215 #3795]  WARN -- : discarding statistic item after validation error (Invalid timestamp): {:id=>"16", :namespace=>"application", :timestamp=>1652286530, :data=>"{\"duration\":10,\"latency_histogram\":[[0.001,1]],\"http_counters\":{\"status_200\":1,\"request_count\":1}}"}
W, [2022-05-11T16:32:30.071236 #3795]  WARN -- : discarding statistic item after validation error (Invalid timestamp): {:id=>"17", :namespace=>"application", :timestamp=>1652286540, :data=>"{\"duration\":10,\"latency_histogram\":[[0.001,1]],\"http_counters\":{\"status_200\":1,\"request_count\":1}}"}
W, [2022-05-11T16:32:40.069157 #3795]  WARN -- : discarding statistic item after validation error (Invalid timestamp): {:id=>"0", :namespace=>"application", :timestamp=>1652286200, :data=>"{\"duration\":10,\"latency_histogram\":[[0.001,1]],\"http_counters\":{\"status_200\":1,\"request_count\":1}}"}
W, [2022-05-11T16:32:40.069235 #3795]  WARN -- : discarding statistic item after validation error (Invalid timestamp): {:id=>"1", :namespace=>"application", :timestamp=>1652286220, :data=>"{\"duration\":10,\"latency_histogram\":[[0.001,1]],\"http_counters\":{\"status_200\":1,\"request_count\":1}}"}
W, [2022-05-11T16:32:40.069264 #3795]  WARN -- : discarding statistic item after validation error (Invalid timestamp): {:id=>"2", :namespace=>"application", :timestamp=>1652286230, :data=>"{\"duration\":10,\"latency_histogram\":[[0.001,1]],\"http_counters\":{\"status_200\":1,\"request_count\":1}}"}
W, [2022-05-11T16:32:40.069287 #3795]  WARN -- : discarding statistic item after validation error (Invalid timestamp): {:id=>"3", :namespace=>"application", :timestamp=>1652286250, :data=>"{\"duration\":10,\"latency_histogram\":[[0.001,2]],\"http_counters\":{\"status_200\":2,\"request_count\":2}}"}
W, [2022-05-11T16:32:40.069309 #3795]  WARN -- : discarding statistic item after validation error (Invalid timestamp): {:id=>"4", :namespace=>"application", :timestamp=>1652286260, :data=>"{\"duration\":10,\"latency_histogram\":[[0.0,1]],\"http_counters\":{\"status_200\":1,\"request_count\":1}}"}
W, [2022-05-11T16:32:40.069331 #3795]  WARN -- : discarding statistic item after validation error (Invalid timestamp): {:id=>"5", :namespace=>"application", :timestamp=>1652286270, :data=>"{\"duration\":10,\"latency_histogram\":[[0.001,1]],\"http_counters\":{\"status_200\":1,\"request_count\":1}}"}
W, [2022-05-11T16:32:40.069353 #3795]  WARN -- : discarding statistic item after validation error (Invalid timestamp): {:id=>"6", :namespace=>"application", :timestamp=>1652286280, :data=>"{\"duration\":10,\"latency_histogram\":[[0.001,2]],\"http_counters\":{\"status_200\":2,\"request_count\":2}}"}
W, [2022-05-11T16:32:40.069386 #3795]  WARN -- : discarding statistic item after validation error (Invalid timestamp): {:id=>"7", :namespace=>"application", :timestamp=>1652286290, :data=>"{\"duration\":10,\"latency_histogram\":[[0.001,1]],\"http_counters\":{\"status_200\":1,\"request_count\":1}}"}
W, [2022-05-11T16:32:40.069409 #3795]  WARN -- : discarding statistic item after validation error (Invalid timestamp): {:id=>"8", :namespace=>"application", :timestamp=>1652286300, :data=>"{\"duration\":10,\"latency_histogram\":[[0.001,1]],\"http_counters\":{\"status_200\":1,\"request_count\":1}}"}
W, [2022-05-11T16:32:40.069431 #3795]  WARN -- : discarding statistic item after validation error (Invalid timestamp): {:id=>"9", :namespace=>"application", :timestamp=>1652286310, :data=>"{\"duration\":10,\"latency_histogram\":[[0.001,2]],\"http_counters\":{\"status_200\":2,\"request_count\":2}}"}
W, [2022-05-11T16:32:40.069453 #3795]  WARN -- : discarding statistic item after validation error (Invalid timestamp): {:id=>"10", :namespace=>"application", :timestamp=>1652286320, :data=>"{\"duration\":10,\"latency_histogram\":[[0.001,1]],\"http_counters\":{\"status_200\":1,\"request_count\":1}}"}
W, [2022-05-11T16:32:40.069475 #3795]  WARN -- : discarding statistic item after validation error (Invalid timestamp): {:id=>"11", :namespace=>"application", :timestamp=>1652286330, :data=>"{\"duration\":10,\"latency_histogram\":[[0.001,1]],\"http_counters\":{\"status_200\":1,\"request_count\":1}}"}
W, [2022-05-11T16:32:40.069496 #3795]  WARN -- : discarding statistic item after validation error (Invalid timestamp): {:id=>"12", :namespace=>"application", :timestamp=>1652286340, :data=>"{\"duration\":10,\"latency_histogram\":[[0.0,1],[0.001,1]],\"http_counters\":{\"status_200\":2,\"request_count\":2}}"}
W, [2022-05-11T16:32:40.069518 #3795]  WARN -- : discarding statistic item after validation error (Invalid timestamp): {:id=>"13", :namespace=>"application", :timestamp=>1652286350, :data=>"{\"duration\":10,\"latency_histogram\":[[0.001,1]],\"http_counters\":{\"status_200\":1,\"request_count\":1}}"}
W, [2022-05-11T16:32:40.069538 #3795]  WARN -- : discarding statistic item after validation error (Invalid timestamp): {:id=>"14", :namespace=>"application", :timestamp=>1652286360, :data=>"{\"duration\":10,\"latency_histogram\":[[0.001,1]],\"http_counters\":{\"status_200\":1,\"request_count\":1}}"}
